#
# A fatal error has been detected by the Java Runtime Environment:
#
#  EXCEPTION_ACCESS_VIOLATION (0xc0000005) at pc=0x00007ffeaa29219e, pid=25672, tid=26168
#
# JRE version:  (17.0.12+8) (build )
# Java VM: Java HotSpot(TM) 64-Bit Server VM (17.0.12+8-LTS-286, mixed mode, sharing, tiered, compressed oops, compressed class ptrs, g1 gc, windows-amd64)
# Problematic frame:
# V  [jvm.dll+0x2c219e]
#
# No core dump will be written. Minidumps are not enabled by default on client versions of Windows
#
#

---------------  S U M M A R Y ------------

Command Line: -Dclassworlds.conf=D:\Program Files\NetBeans-18\netbeans\java\maven\bin\m2.conf -Dmaven.home=D:\Program Files\NetBeans-18\netbeans\java\maven -Dlibrary.jansi.path=D:\Program Files\NetBeans-18\netbeans\java\maven\lib\jansi-native -Dmaven.multiModuleProjectDirectory=D:\Development\MindrayCL1000i org.codehaus.plexus.classworlds.launcher.Launcher --version

Host: Intel(R) Core(TM) i3-4130 CPU @ 3.40GHz, 4 cores, 15G,  Windows 10 , 64 bit Build 19041 (10.0.19041.5915)
Time: Sun Sep 28 22:58:32 2025 Sri Lanka Standard Time elapsed time: 0.033793 seconds (0d 0h 0m 0s)

---------------  T H R E A D  ---------------

Current thread (0x0000022eace79ea0):  JavaThread "Unknown thread" [_thread_in_vm, id=26168, stack(0x000000bc02200000,0x000000bc02300000)]

Stack: [0x000000bc02200000,0x000000bc02300000],  sp=0x000000bc022ff230,  free space=1020k
Native frames: (J=compiled Java code, j=interpreted, Vv=VM code, C=native code)
V  [jvm.dll+0x2c219e]
V  [jvm.dll+0x2c2605]
V  [jvm.dll+0x6269d6]
V  [jvm.dll+0x626c03]
V  [jvm.dll+0x6260e3]
V  [jvm.dll+0x621e18]
V  [jvm.dll+0x7aca55]
V  [jvm.dll+0x367591]
V  [jvm.dll+0x78b999]
V  [jvm.dll+0x3ec83f]
V  [jvm.dll+0x3ee471]
C  [jli.dll+0x5297]
C  [ucrtbase.dll+0x21bb2]
C  [KERNEL32.DLL+0x17374]
C  [ntdll.dll+0x4cc91]


siginfo: EXCEPTION_ACCESS_VIOLATION (0xc0000005), reading address 0x0000000000000000


Registers:
RAX=0x0000ee9e7d31f3ef, RBX=0x0000000000000000, RCX=0x0000000000000000, RDX=0x00007ffeaa8c5d01
RSP=0x000000bc022ff230, RBP=0x0000000000000001, RSI=0x0000022ec88f5348, RDI=0x0000000000000000
R8 =0x0000000000000001, R9 =0x0000000000000001, R10=0x0000000000000000, R11=0x0000000000000246
R12=0x0000000000000001, R13=0x0000022eaacd3630, R14=0x0000000000000001, R15=0x0000022ec8000000
RIP=0x00007ffeaa29219e, EFLAGS=0x0000000000010246


Top of Stack: (sp=0x000000bc022ff230)
0x000000bc022ff230:   0000022ec8bd0000 0000000800000000
0x000000bc022ff240:   0000000800bd0000 0000022ec8000000
0x000000bc022ff250:   0000022ec8bd0000 00000226c8000000
0x000000bc022ff260:   000000bc022ff380 0000000000000001
0x000000bc022ff270:   0000ee9e7d31f06f 0000022eacf35a50
0x000000bc022ff280:   0000ee9e7d31f3ef 0000022eacf35a50
0x000000bc022ff290:   0000000000000000 00007ffeaa292605
0x000000bc022ff2a0:   0000022ec8000000 0000000000000000
0x000000bc022ff2b0:   0000022eacf35a50 0000000000000000
0x000000bc022ff2c0:   0000022ec88f5340 0000000000000001
0x000000bc022ff2d0:   0000022ec8000000 0000000001000000
0x000000bc022ff2e0:   0000000000000000 0000000000010000
0x000000bc022ff2f0:   0000000000001000 ffffffffe8e34c00
0x000000bc022ff300:   00000000ffffff00 00007ffee8e34dc6
0x000000bc022ff310:   0000ee9e7d31f37f 0000000000000000
0x000000bc022ff320:   0000022eaacd3630 0000000000000000 

Instructions: (pc=0x00007ffeaa29219e)
0x00007ffeaa29209e:   8e 1d 63 00 e8 29 30 f8 ff 48 8b 0d f2 5d 83 00
0x00007ffeaa2920ae:   48 85 c9 74 22 44 0f b6 83 41 02 00 00 48 8d 0d
0x00007ffeaa2920be:   3e 4c 63 00 0f b6 93 40 02 00 00 e8 62 4f de ff
0x00007ffeaa2920ce:   48 8b 0d cb 5d 83 00 0f b6 05 3b 6e 84 00 38 83
0x00007ffeaa2920de:   40 02 00 00 75 60 0f b6 05 6d 6e 84 00 38 83 41
0x00007ffeaa2920ee:   02 00 00 75 51 80 bb a1 03 00 00 00 75 1f c6 05
0x00007ffeaa2920fe:   ed 29 7f 00 00 48 85 c9 74 13 48 8d 0d f1 4c 63
0x00007ffeaa29210e:   00 e8 1c 4f de ff 48 8b 0d 85 5d 83 00 80 bb a2
0x00007ffeaa29211e:   03 00 00 00 75 18 c6 05 c6 29 7f 00 00 48 85 c9
0x00007ffeaa29212e:   74 0c 48 8d 0d 39 4d 63 00 e8 f4 4e de ff b0 01
0x00007ffeaa29213e:   48 83 c4 20 5b c3 48 8d 0d 15 4c 63 00 e8 c0 d5
0x00007ffeaa29214e:   ff ff 32 c0 48 83 c4 20 5b c3 cc cc cc cc cc cc
0x00007ffeaa29215e:   cc cc 48 89 5c 24 10 48 89 6c 24 18 48 89 74 24
0x00007ffeaa29216e:   20 57 48 83 ec 60 48 8b 05 4d f0 80 00 48 33 c4
0x00007ffeaa29217e:   48 89 44 24 50 80 3d 21 0b 7e 00 00 0f b6 ea 48
0x00007ffeaa29218e:   8b f1 74 17 80 39 00 75 12 48 8b 0d 3a c1 83 00
0x00007ffeaa29219e:   48 8b 01 ff 50 20 48 8b d8 eb 08 48 8b 59 18 48
0x00007ffeaa2921ae:   83 c3 04 48 83 3d 27 c2 83 00 00 40 b7 01 74 0f
0x00007ffeaa2921be:   48 8b d3 48 8d 0d b8 37 63 00 e8 23 b4 f2 ff 48
0x00007ffeaa2921ce:   8d 54 24 20 48 8b cb e8 c6 6a 3b 00 85 c0 74 19
0x00007ffeaa2921de:   40 84 ed 74 14 48 8b d3 48 8d 0d bb 37 63 00 e8
0x00007ffeaa2921ee:   1e d5 ff ff 40 32 ff eb 7a 80 3e 02 75 20 48 8b
0x00007ffeaa2921fe:   cb e8 fc 0f 3b 00 84 c0 75 69 48 8b d3 48 8d 0d
0x00007ffeaa29220e:   c6 37 63 00 e8 f9 d4 ff ff 40 32 ff eb 55 48 8b
0x00007ffeaa29221e:   56 08 4c 8b 44 24 40 48 85 d2 74 05 49 3b d0 75
0x00007ffeaa29222e:   0b 48 63 44 24 34 48 39 46 10 74 37 40 32 ff 40
0x00007ffeaa29223e:   38 3d 6a 6e 84 00 74 1c 49 3b d0 48 8d 05 a8 37
0x00007ffeaa29224e:   63 00 48 8d 0d b9 37 63 00 48 0f 45 c8 e8 b0 d4
0x00007ffeaa29225e:   ff ff eb 0f 48 8b d3 48 8d 0d c4 37 63 00 e8 9f
0x00007ffeaa29226e:   d4 ff ff 80 3d 36 6e 84 00 00 74 10 40 84 ff 75
0x00007ffeaa29227e:   0b c6 05 ab b7 85 00 01 b0 01 eb 04 40 0f b6 c7
0x00007ffeaa29228e:   48 8b 4c 24 50 48 33 cc e8 b5 42 57 00 4c 8d 5c 



---------------  P R O C E S S  ---------------

Threads class SMR info:
_java_thread_list=0x00007ffeaaa87a18, length=0, elements={
}

Java Threads: ( => current thread )

Other Threads:
  0x0000022eacee59f0 GCTaskThread "GC Thread#0" [stack: 0x000000bc02300000,0x000000bc02400000] [id=22916]
  0x0000022eacef6750 ConcurrentGCThread "G1 Main Marker" [stack: 0x000000bc02400000,0x000000bc02500000] [id=9600]
  0x0000022eacef7900 ConcurrentGCThread "G1 Conc#0" [stack: 0x000000bc02500000,0x000000bc02600000] [id=20816]
  0x0000022eacf3b840 ConcurrentGCThread "G1 Refine#0" [stack: 0x000000bc02600000,0x000000bc02700000] [id=27936]
  0x0000022ec7a23430 ConcurrentGCThread "G1 Service" [stack: 0x000000bc02700000,0x000000bc02800000] [id=27880]

=>0x0000022eace79ea0 (exited) JavaThread "Unknown thread" [_thread_in_vm, id=26168, stack(0x000000bc02200000,0x000000bc02300000)]

Threads with active compile tasks:

VM state: not at safepoint (not fully initialized)

VM Mutex/Monitor currently owned by a thread: None

Heap address: 0x0000000701e00000, size: 4066 MB, Compressed Oops mode: Zero based, Oop shift amount: 3

CDS archive(s) mapped at: [0x0000000000000000-0x0000000000000000-0x0000000000000000), size 0, SharedBaseAddress: 0x0000000800000000, ArchiveRelocationMode: 1.
Narrow klass base: 0x0000000000000000, Narrow klass shift: 0, Narrow klass range: 0x0

GC Precious Log:
 CPUs: 4 total, 4 available
 Memory: 16262M
 Large Page Support: Disabled
 NUMA Support: Disabled
 Compressed Oops: Enabled (Zero based)
 Heap Region Size: 2M
 Heap Min Capacity: 8M
 Heap Initial Capacity: 256M
 Heap Max Capacity: 4066M
 Pre-touch: Disabled
 Parallel Workers: 4
 Concurrent Workers: 1
 Concurrent Refinement Workers: 4
 Periodic GC: Disabled

Heap:
 garbage-first heap   total 262144K, used 0K [0x0000000701e00000, 0x0000000800000000)
  region size 2048K, 0 young (0K), 0 survivors (0K)

[error occurred during error reporting (printing heap information), id 0xc0000005, EXCEPTION_ACCESS_VIOLATION (0xc0000005) at pc=0x00007ffeaa6a3859]

GC Heap History (0 events):
No events

Deoptimization events (0 events):
No events

Classes unloaded (0 events):
No events

Classes redefined (0 events):
No events

Internal exceptions (0 events):
No events

VM Operations (0 events):
No events

Events (2 events):
Event: 0.009 Loaded shared library C:\Program Files\Java\jdk-17\bin\java.dll
Event: 0.010 Loaded shared library C:\Program Files\Java\jdk-17\bin\zip.dll


Dynamic libraries:
0x00007ff7a7df0000 - 0x00007ff7a7e00000 	C:\Program Files\Java\jdk-17\bin\java.exe
0x00007ffeeb330000 - 0x00007ffeeb528000 	C:\WINDOWS\SYSTEM32\ntdll.dll
0x00007ffee9f20000 - 0x00007ffee9fe2000 	C:\WINDOWS\System32\KERNEL32.DLL
0x00007ffee8a60000 - 0x00007ffee8d56000 	C:\WINDOWS\System32\KERNELBASE.dll
0x00007ffee8d90000 - 0x00007ffee8e90000 	C:\WINDOWS\System32\ucrtbase.dll
0x00007ffed6250000 - 0x00007ffed6269000 	C:\Program Files\Java\jdk-17\bin\jli.dll
0x00007ffee94c0000 - 0x00007ffee9571000 	C:\WINDOWS\System32\ADVAPI32.dll
0x00007ffee9580000 - 0x00007ffee961e000 	C:\WINDOWS\System32\msvcrt.dll
0x00007ffeea1d0000 - 0x00007ffeea26f000 	C:\WINDOWS\System32\sechost.dll
0x00007ffee93a0000 - 0x00007ffee94c0000 	C:\WINDOWS\System32\RPCRT4.dll
0x00007ffed4650000 - 0x00007ffed466b000 	C:\Program Files\Java\jdk-17\bin\VCRUNTIME140.dll
0x00007ffee8e90000 - 0x00007ffee8eb7000 	C:\WINDOWS\System32\bcrypt.dll
0x00007ffeea4f0000 - 0x00007ffeea68d000 	C:\WINDOWS\System32\USER32.dll
0x00007ffee8d60000 - 0x00007ffee8d82000 	C:\WINDOWS\System32\win32u.dll
0x00007ffeea690000 - 0x00007ffeea6bb000 	C:\WINDOWS\System32\GDI32.dll
0x00007ffee9120000 - 0x00007ffee9239000 	C:\WINDOWS\System32\gdi32full.dll
0x00007ffee92c0000 - 0x00007ffee935d000 	C:\WINDOWS\System32\msvcp_win.dll
0x00007ffed7630000 - 0x00007ffed78cb000 	C:\WINDOWS\WinSxS\amd64_microsoft.windows.common-controls_6595b64144ccf1df_6.0.19041.6280_none_60bc30a171f2f3f3\COMCTL32.dll
0x00007ffee5910000 - 0x00007ffee591a000 	C:\WINDOWS\SYSTEM32\VERSION.dll
0x00007ffee9360000 - 0x00007ffee938f000 	C:\WINDOWS\System32\IMM32.DLL
0x00007ffee1ac0000 - 0x00007ffee1acc000 	C:\Program Files\Java\jdk-17\bin\vcruntime140_1.dll
0x00007ffecc2d0000 - 0x00007ffecc35e000 	C:\Program Files\Java\jdk-17\bin\msvcp140.dll
0x00007ffea9fd0000 - 0x00007ffeaabb0000 	C:\Program Files\Java\jdk-17\bin\server\jvm.dll
0x00007ffeea0e0000 - 0x00007ffeea0e8000 	C:\WINDOWS\System32\PSAPI.DLL
0x00007ffea4740000 - 0x00007ffea4749000 	C:\WINDOWS\SYSTEM32\WSOCK32.dll
0x00007ffee9e00000 - 0x00007ffee9e6b000 	C:\WINDOWS\System32\WS2_32.dll
0x00007ffed7600000 - 0x00007ffed7627000 	C:\WINDOWS\SYSTEM32\WINMM.dll
0x00007ffee6790000 - 0x00007ffee67a2000 	C:\WINDOWS\SYSTEM32\kernel.appcore.dll
0x00007ffed6190000 - 0x00007ffed619a000 	C:\Program Files\Java\jdk-17\bin\jimage.dll
0x00007ffed7920000 - 0x00007ffed7b21000 	C:\WINDOWS\SYSTEM32\DBGHELP.DLL
0x00007ffed5f60000 - 0x00007ffed5f94000 	C:\WINDOWS\SYSTEM32\dbgcore.DLL
0x00007ffee89d0000 - 0x00007ffee8a52000 	C:\WINDOWS\System32\bcryptPrimitives.dll
0x00007ffed4430000 - 0x00007ffed4455000 	C:\Program Files\Java\jdk-17\bin\java.dll
0x00007ffed3280000 - 0x00007ffed3298000 	C:\Program Files\Java\jdk-17\bin\zip.dll

dbghelp: loaded successfully - version: 4.0.5 - missing functions: none
symbol engine: initialized successfully - sym options: 0x614 - pdb path: .;C:\Program Files\Java\jdk-17\bin;C:\WINDOWS\SYSTEM32;C:\WINDOWS\WinSxS\amd64_microsoft.windows.common-controls_6595b64144ccf1df_6.0.19041.6280_none_60bc30a171f2f3f3;C:\Program Files\Java\jdk-17\bin\server

VM Arguments:
jvm_args: -Dclassworlds.conf=D:\Program Files\NetBeans-18\netbeans\java\maven\bin\m2.conf -Dmaven.home=D:\Program Files\NetBeans-18\netbeans\java\maven -Dlibrary.jansi.path=D:\Program Files\NetBeans-18\netbeans\java\maven\lib\jansi-native -Dmaven.multiModuleProjectDirectory=D:\Development\MindrayCL1000i 
java_command: org.codehaus.plexus.classworlds.launcher.Launcher --version
java_class_path (initial): D:\Program Files\NetBeans-18\netbeans\java\maven\boot\plexus-classworlds-2.6.0.jar
Launcher Type: SUN_STANDARD

[Global flags]
     intx CICompilerCount                          = 3                                         {product} {ergonomic}
     uint ConcGCThreads                            = 1                                         {product} {ergonomic}
     uint G1ConcRefinementThreads                  = 4                                         {product} {ergonomic}
   size_t G1HeapRegionSize                         = 2097152                                   {product} {ergonomic}
    uintx GCDrainStackTargetSize                   = 64                                        {product} {ergonomic}
   size_t InitialHeapSize                          = 268435456                                 {product} {ergonomic}
   size_t MarkStackSize                            = 4194304                                   {product} {ergonomic}
   size_t MaxHeapSize                              = 4263510016                                {product} {ergonomic}
   size_t MaxNewSize                               = 2556428288                                {product} {ergonomic}
   size_t MinHeapDeltaBytes                        = 2097152                                   {product} {ergonomic}
   size_t MinHeapSize                              = 8388608                                   {product} {ergonomic}
    uintx NonNMethodCodeHeapSize                   = 5832780                                {pd product} {ergonomic}
    uintx NonProfiledCodeHeapSize                  = 122912730                              {pd product} {ergonomic}
    uintx ProfiledCodeHeapSize                     = 122912730                              {pd product} {ergonomic}
    uintx ReservedCodeCacheSize                    = 251658240                              {pd product} {ergonomic}
     bool SegmentedCodeCache                       = true                                      {product} {ergonomic}
   size_t SoftMaxHeapSize                          = 4263510016                             {manageable} {ergonomic}
     bool UseCompressedClassPointers               = true                           {product lp64_product} {ergonomic}
     bool UseCompressedOops                        = true                           {product lp64_product} {ergonomic}
     bool UseG1GC                                  = true                                      {product} {ergonomic}
     bool UseLargePagesIndividualAllocation        = false                                  {pd product} {ergonomic}

Logging:
Log output configuration:
 #0: stdout all=warning uptime,level,tags
 #1: stderr all=off uptime,level,tags

Environment Variables:
JAVA_HOME=C:\Program Files\Java\jdk-17
PATH=C:\Users\Buddhika\bin;D:\Program Files\Git\mingw64\bin;D:\Program Files\Git\usr\local\bin;D:\Program Files\Git\usr\bin;D:\Program Files\Git\usr\bin;D:\Program Files\Git\mingw64\bin;D:\Program Files\Git\usr\bin;C:\Users\Buddhika\bin;C:\Python313\Scripts;C:\Python313;C:\Program Files\Eclipse Adoptium\jdk-11.0.23.9-hotspot\bin;C:\WINDOWS\system32;C:\WINDOWS;C:\WINDOWS\System32\Wbem;C:\WINDOWS\System32\WindowsPowerShell\v1.0;C:\WINDOWS\System32\OpenSSH;C:\Program Files\dotnet;D:\Program Files\Git\cmd;C:\Program Files (x86)\Bitvise SSH Client;C:\Program Files\PuTTY;D:\Program Files\nodejs;C:\ProgramData\chocolatey\bin;D:\Program Files\GitHub CLI;D:\Program Files (x86)\Microsoft Visual Studio\Common\Tools\WinNT;D:\Program Files (x86)\Microsoft Visual Studio\Common\MSDev98\Bin;D:\Program Files (x86)\Microsoft Visual Studio\Common\Tools;D:\Program Files (x86)\Microsoft Visual Studio\VC98\bin;C:\Users\Buddhika\AppData\Local\Microsoft\WindowsApps;C:\Program Files\Java\jdk-17\bin;D:\jdk\jdk-11\bin;C:\Program Files\MySQL\MySQL Server 8.0\bin;D:\maven\apache-maven-3.6.3\bin;C:\Users\Buddhika\AppData\Roaming\npm;D:\Program Files\Git\usr\bin\vendor_perl;D:\Program Files\Git\usr\bin\core_perl
USERNAME=Buddhika
SHELL=D:\Program Files\Git\usr\bin\bash.exe
DISPLAY=needs-to-be-defined
LANG=en_GB.UTF-8
OS=Windows_NT
PROCESSOR_IDENTIFIER=Intel64 Family 6 Model 60 Stepping 3, GenuineIntel



---------------  S Y S T E M  ---------------

OS:
 Windows 10 , 64 bit Build 19041 (10.0.19041.5915)
OS uptime: 4 days 16:30 hours

CPU: total 4 (initial active 4) (2 cores per cpu, 2 threads per core) family 6 model 60 stepping 3 microcode 0x27, cx8, cmov, fxsr, ht, mmx, sse, sse2, sse3, ssse3, sse4.1, sse4.2, popcnt, lzcnt, tsc, tscinvbit, avx, avx2, aes, erms, clmul, bmi1, bmi2, fma, vzeroupper, clflush

Memory: 4k page, system-wide physical 16262M (3147M free)
TotalPageFile size 26502M (AvailPageFile size 5819M)
current process WorkingSet (physical memory assigned to process): 24M, peak: 24M
current process commit charge ("private bytes"): 330M, peak: 330M

vm_info: Java HotSpot(TM) 64-Bit Server VM (17.0.12+8-LTS-286) for windows-amd64 JRE (17.0.12+8-LTS-286), built on Jun  5 2024 06:46:59 by "mach5one" with MS VC++ 17.6 (VS2022)

END.
